<?xml version="1.0" encoding="UTF-8"?>
<testsuite name="CinemaTests" tests="1" skipped="0" failures="0" errors="0" timestamp="2022-06-16T20:24:57" hostname="KC-18-38" time="4.174">
  <properties/>
  <testcase name="start" classname="CinemaTests" time="4.174"/>
  <system-out><![CDATA[?[1;31m
Start test 1?[0m

  .   ____          _            __ _ _
 /\\ / ___'_ __ _ _(_)_ __  __ _ \ \ \ \
( ( )\___ | '_ | '_| | '_ \/ _` | \ \ \ \
 \\/  ___)| |_)| | | | | || (_| |  ) ) ) )
  '  |____| .__|_| |_|_| |_\__, | / / / /
 =========|_|==============|___/=/_/_/_/
 :: Spring Boot ::                (v2.5.6)

2022-06-17 00:24:57.993  INFO 232 --- [    Test worker] cinema.Main                              : Starting Main using Java 17.0.2 on KC-18-38 with PID 232 (started by knydv in D:\Cinema Room REST Service\Cinema Room REST Service\task)
2022-06-17 00:24:57.995  INFO 232 --- [    Test worker] cinema.Main                              : No active profile set, falling back to default profiles: default
2022-06-17 00:24:59.692  INFO 232 --- [    Test worker] o.s.b.w.embedded.tomcat.TomcatWebServer  : Tomcat initialized with port(s): 28852 (http)
2022-06-17 00:24:59.707  INFO 232 --- [    Test worker] o.apache.catalina.core.StandardService   : Starting service [Tomcat]
2022-06-17 00:24:59.709  INFO 232 --- [    Test worker] org.apache.catalina.core.StandardEngine  : Starting Servlet engine: [Apache Tomcat/9.0.54]
2022-06-17 00:24:59.839  INFO 232 --- [    Test worker] o.a.c.c.C.[Tomcat].[localhost].[/]       : Initializing Spring embedded WebApplicationContext
2022-06-17 00:24:59.839  INFO 232 --- [    Test worker] w.s.c.ServletWebServerApplicationContext : Root WebApplicationContext: initialization completed in 1774 ms
2022-06-17 00:25:00.759  INFO 232 --- [    Test worker] o.s.b.a.e.web.EndpointLinksResolver      : Exposing 14 endpoint(s) beneath base path '/actuator'
2022-06-17 00:25:00.818  INFO 232 --- [    Test worker] o.s.b.w.embedded.tomcat.TomcatWebServer  : Tomcat started on port(s): 28852 (http) with context path ''
2022-06-17 00:25:00.840  INFO 232 --- [    Test worker] cinema.Main                              : Started Main in 3.31 seconds (JVM running for 4.231)
2022-06-17 00:25:01.251  INFO 232 --- [io-28852-exec-1] o.a.c.c.C.[Tomcat].[localhost].[/]       : Initializing Spring DispatcherServlet 'dispatcherServlet'
2022-06-17 00:25:01.251  INFO 232 --- [io-28852-exec-1] o.s.web.servlet.DispatcherServlet        : Initializing Servlet 'dispatcherServlet'
2022-06-17 00:25:01.253  INFO 232 --- [io-28852-exec-1] o.s.web.servlet.DispatcherServlet        : Completed initialization in 2 ms
?[1;31m
Start test 2?[0m
]]></system-out>
  <system-err><![CDATA[]]></system-err>
</testsuite>
